<?xml version="1.0" encoding="UTF-8"?>
<!-- Generated by org.testng.reporters.JUnitReportReporter -->
<testsuite hostname="NPR11007" failures="0" tests="1" name="testcases.MedianAddSystemXMLTestCase" time="134.024" errors="0" timestamp="2022-07-06T15:20:33 IST" skipped="0">
  <testcase classname="testcases.MedianAddSystemXMLTestCase" name="runMedianLogin" time="134.024"/>
  <system-out/>
</testsuite> <!-- testcases.MedianAddSystemXMLTestCase -->
