<?xml version="1.0" encoding="UTF-8"?>
<!-- Generated by org.testng.reporters.JUnitReportReporter -->
<testsuite hostname="NPR11007" failures="0" tests="1" name="testcases.DepartmentidEditTestcases" time="63.561" errors="0" timestamp="2022-06-15T13:46:06 IST" skipped="0">
  <testcase classname="testcases.DepartmentidEditTestcases" name="runDepartmentidEditTestcases" time="63.561"/>
  <system-out/>
</testsuite> <!-- testcases.DepartmentidEditTestcases -->
