<?xml version="1.0" encoding="UTF-8"?>
<!-- Generated by org.testng.reporters.JUnitReportReporter -->
<testsuite hostname="NPR11007" failures="0" tests="1" name="testcases.MedianNewRoleTC01" time="81.674" errors="0" timestamp="2022-07-04T15:10:42 IST" skipped="0">
  <testcase classname="testcases.MedianNewRoleTC01" name="runMedianLogin" time="81.674"/>
  <system-out/>
</testsuite> <!-- testcases.MedianNewRoleTC01 -->
