<?xml version="1.0" encoding="UTF-8"?>
<!-- Generated by org.testng.reporters.JUnitReportReporter -->
<testsuite hostname="NPR11007" failures="0" tests="1" name="testcases.MedianNewExternalSystemTC01" time="71.178" errors="0" timestamp="2022-07-05T15:33:56 IST" skipped="0">
  <testcase classname="testcases.MedianNewExternalSystemTC01" name="runMedianLogin" time="71.178"/>
  <system-out/>
</testsuite> <!-- testcases.MedianNewExternalSystemTC01 -->
