<?xml version="1.0" encoding="UTF-8"?>
<!-- Generated by org.testng.reporters.JUnitReportReporter -->
<testsuite hostname="NPR11007" failures="0" tests="1" name="testcases.AccountBlockCustomerSearchTestCase" time="69.371" errors="0" timestamp="2022-07-05T16:23:36 IST" skipped="0">
  <testcase classname="testcases.AccountBlockCustomerSearchTestCase" name="runMedianLogin" time="69.371"/>
  <system-out/>
</testsuite> <!-- testcases.AccountBlockCustomerSearchTestCase -->
