<?xml version="1.0" encoding="UTF-8"?>
<!-- Generated by org.testng.reporters.JUnitReportReporter -->
<testsuite hostname="NPR11007" failures="0" tests="1" name="testcases.Auditlogs" time="60.199" errors="0" timestamp="2022-06-13T14:29:16 IST" skipped="0">
  <testcase classname="testcases.Auditlogs" name="runMedianLogin" time="60.199"/>
  <system-out/>
</testsuite> <!-- testcases.Auditlogs -->
