<?xml version="1.0" encoding="UTF-8"?>
<!-- Generated by org.testng.reporters.JUnitReportReporter -->
<testsuite hostname="NPR11007" failures="0" tests="1" name="testcases.SecurityPolicyEditTestCase" time="61.808" errors="0" timestamp="2022-07-04T15:52:42 IST" skipped="0">
  <testcase classname="testcases.SecurityPolicyEditTestCase" name="runMedianLogin" time="61.808"/>
  <system-out/>
</testsuite> <!-- testcases.SecurityPolicyEditTestCase -->
