<?xml version="1.0" encoding="UTF-8"?>
<!-- Generated by org.testng.reporters.JUnitReportReporter -->
<testsuite hostname="NPR11007" failures="0" tests="1" name="testcases.DepartmentidCreateTestcases" time="62.295" errors="0" timestamp="2022-07-06T12:42:27 IST" skipped="0">
  <testcase classname="testcases.DepartmentidCreateTestcases" name="runDepartmentidCreate" time="62.295"/>
  <system-out/>
</testsuite> <!-- testcases.DepartmentidCreateTestcases -->
