<?xml version="1.0" encoding="UTF-8"?>
<!-- Generated by org.testng.reporters.JUnitReportReporter -->
<testsuite hostname="NPR11007" failures="0" tests="1" name="testcases.MedianRuleTranslationISOCreateAndAuthTestCase" time="164.156" errors="0" timestamp="2022-07-06T14:45:19 IST" skipped="0">
  <testcase classname="testcases.MedianRuleTranslationISOCreateAndAuthTestCase" name="runMedianRuleTranslation" time="164.156"/>
  <system-out/>
</testsuite> <!-- testcases.MedianRuleTranslationISOCreateAndAuthTestCase -->
