<?xml version="1.0" encoding="UTF-8"?>
<!-- Generated by org.testng.reporters.JUnitReportReporter -->
<testsuite hostname="NPR11007" failures="0" tests="1" name="testcases.EmailManagementAuth" time="44.455" errors="0" timestamp="2022-06-15T17:26:30 IST" skipped="0">
  <testcase classname="testcases.EmailManagementAuth" name="runDepartmentidCreate" time="44.455"/>
  <system-out/>
</testsuite> <!-- testcases.EmailManagementAuth -->
