<?xml version="1.0" encoding="UTF-8"?>
<!-- Generated by org.testng.reporters.JUnitReportReporter -->
<testsuite hostname="NPR11007" failures="0" tests="1" name="testcases.MedianLogout" time="38.332" errors="0" timestamp="2022-06-08T11:27:59 IST" skipped="0">
  <testcase classname="testcases.MedianLogout" name="runMedianLogin" time="38.332"/>
  <system-out/>
</testsuite> <!-- testcases.MedianLogout -->
