<?xml version="1.0" encoding="UTF-8"?>
<!-- Generated by org.testng.reporters.JUnitReportReporter -->
<testsuite hostname="NPR11007" failures="0" tests="1" name="testcases.DepartmentidCreateTestcases" time="70.984" errors="0" timestamp="2022-06-15T12:50:35 IST" skipped="0">
  <testcase classname="testcases.DepartmentidCreateTestcases" name="runDepartmentidCreate" time="70.984"/>
  <system-out/>
</testsuite> <!-- testcases.DepartmentidCreateTestcases -->
