<?xml version="1.0" encoding="UTF-8"?>
<!-- Generated by org.testng.reporters.JUnitReportReporter -->
<testsuite hostname="NPR11007" failures="0" tests="1" name="testcases.EmailManagementCreate" time="66.182" errors="0" timestamp="2022-06-15T17:53:07 IST" skipped="0">
  <testcase classname="testcases.EmailManagementCreate" name="runDepartmentidCreate" time="66.182"/>
  <system-out/>
</testsuite> <!-- testcases.EmailManagementCreate -->
