<?xml version="1.0" encoding="UTF-8"?>
<!-- Generated by org.testng.reporters.JUnitReportReporter -->
<testsuite hostname="NPR11007" failures="0" tests="1" name="testcases.CreateTransactioncodeMaintenance" time="56.497" errors="0" timestamp="2022-07-06T12:40:00 IST" skipped="0">
  <testcase classname="testcases.CreateTransactioncodeMaintenance" name="runMedianLogin" time="56.497"/>
  <system-out/>
</testsuite> <!-- testcases.CreateTransactioncodeMaintenance -->
