<?xml version="1.0" encoding="UTF-8"?>
<!-- Generated by org.testng.reporters.JUnitReportReporter -->
<testsuite hostname="NPR11007" failures="0" tests="1" name="testcases.MedianAddSystemISOTestCase" time="104.360" errors="0" timestamp="2022-05-31T18:28:17 IST" skipped="0">
  <testcase classname="testcases.MedianAddSystemISOTestCase" name="runMedianLogin" time="104.360"/>
  <system-out/>
</testsuite> <!-- testcases.MedianAddSystemISOTestCase -->
