<?xml version="1.0" encoding="UTF-8"?>
<!-- Generated by org.testng.reporters.JUnitReportReporter -->
<testsuite hostname="NPR11007" failures="0" tests="1" name="testcases.MedianRuleMappingCreateAndAuthTestCase" time="159.193" errors="0" timestamp="2022-07-06T15:04:59 IST" skipped="0">
  <testcase classname="testcases.MedianRuleMappingCreateAndAuthTestCase" name="runMedianRuleTranslation" time="159.193"/>
  <system-out/>
</testsuite> <!-- testcases.MedianRuleMappingCreateAndAuthTestCase -->
