<?xml version="1.0" encoding="UTF-8"?>
<!-- Generated by org.testng.reporters.JUnitReportReporter -->
<testsuite hostname="NPR11007" failures="0" tests="1" name="testcases.GlobalAccountTestcasesCreate" time="64.438" errors="0" timestamp="2022-06-08T15:41:40 IST" skipped="0">
  <testcase classname="testcases.GlobalAccountTestcasesCreate" name="runGlobalAccountTestcases" time="64.438"/>
  <system-out/>
</testsuite> <!-- testcases.GlobalAccountTestcasesCreate -->
