<?xml version="1.0" encoding="UTF-8"?>
<!-- Generated by org.testng.reporters.JUnitReportReporter -->
<testsuite hostname="NPR11007" failures="0" tests="1" name="testcases.MedianAddSystemAuthXMLTC001" time="69.293" errors="0" timestamp="2022-06-16T17:18:12 IST" skipped="0">
  <testcase classname="testcases.MedianAddSystemAuthXMLTC001" name="runMedianLogin" time="69.293"/>
  <system-out/>
</testsuite> <!-- testcases.MedianAddSystemAuthXMLTC001 -->
