<?xml version="1.0" encoding="UTF-8"?>
<!-- Generated by org.testng.reporters.JUnitReportReporter -->
<testsuite hostname="NPR5004" failures="0" tests="1" name="testcases.MedianNewRoleTC01" time="78.327" errors="0" timestamp="2022-06-08T16:44:20 IST" skipped="0">
  <testcase classname="testcases.MedianNewRoleTC01" name="runMedianLogin" time="78.327"/>
  <system-out/>
</testsuite> <!-- testcases.MedianNewRoleTC01 -->
