<?xml version="1.0" encoding="UTF-8"?>
<!-- Generated by org.testng.reporters.JUnitReportReporter -->
<testsuite hostname="NPR11007" failures="0" tests="1" name="testcases.ProcessCodeMappingAuthTestcases" time="62.312" errors="0" timestamp="2022-07-05T16:20:00 IST" skipped="0">
  <testcase classname="testcases.ProcessCodeMappingAuthTestcases" name="runProcessCodeMappingAuth" time="62.312"/>
  <system-out/>
</testsuite> <!-- testcases.ProcessCodeMappingAuthTestcases -->
