<?xml version="1.0" encoding="UTF-8"?>
<!-- Generated by org.testng.reporters.JUnitReportReporter -->
<testsuite hostname="NPR11007" failures="0" tests="1" name="testcases.UserEditTestCase" time="64.083" errors="0" timestamp="2022-07-04T15:33:57 IST" skipped="0">
  <testcase classname="testcases.UserEditTestCase" name="runMedianLogin" time="64.083"/>
  <system-out/>
</testsuite> <!-- testcases.UserEditTestCase -->
