<?xml version="1.0" encoding="UTF-8"?>
<!-- Generated by org.testng.reporters.JUnitReportReporter -->
<testsuite hostname="NPR11007" failures="0" tests="1" name="testcases.AuthTransactionCodeMaintenance" time="46.756" errors="0" timestamp="2022-07-04T16:03:42 IST" skipped="0">
  <testcase classname="testcases.AuthTransactionCodeMaintenance" name="runMedianLogin" time="46.756"/>
  <system-out/>
</testsuite> <!-- testcases.AuthTransactionCodeMaintenance -->
