<?xml version="1.0" encoding="UTF-8"?>
<!-- Generated by org.testng.reporters.JUnitReportReporter -->
<testsuite hostname="NPR11007" failures="0" tests="1" name="testcases.MedianEditXMLSystemTC001" time="85.664" errors="0" timestamp="2022-06-16T16:35:15 IST" skipped="0">
  <testcase classname="testcases.MedianEditXMLSystemTC001" name="runMedianLogin" time="85.664"/>
  <system-out/>
</testsuite> <!-- testcases.MedianEditXMLSystemTC001 -->
