<?xml version="1.0" encoding="UTF-8"?>
<!-- Generated by org.testng.reporters.JUnitReportReporter -->
<testsuite hostname="NPR11007" failures="0" tests="1" name="testcases.MedianAddSystemIXMLTestCase" time="124.166" errors="0" timestamp="2022-05-31T23:37:06 IST" skipped="0">
  <testcase classname="testcases.MedianAddSystemIXMLTestCase" name="runMedianLogin" time="124.166"/>
  <system-out/>
</testsuite> <!-- testcases.MedianAddSystemIXMLTestCase -->
