<?xml version="1.0" encoding="UTF-8"?>
<!-- Generated by org.testng.reporters.JUnitReportReporter -->
<testsuite hostname="NPR11007" failures="0" tests="1" name="testcases.UserAuthTestCase" time="59.869" errors="0" timestamp="2022-06-13T12:50:31 IST" skipped="0">
  <testcase classname="testcases.UserAuthTestCase" name="runMedianLogin" time="59.869"/>
  <system-out/>
</testsuite> <!-- testcases.UserAuthTestCase -->
