<?xml version="1.0" encoding="UTF-8"?>
<!-- Generated by org.testng.reporters.JUnitReportReporter -->
<testsuite hostname="NPR11007" failures="0" tests="1" name="testcases.MedianRuleTranslationISOTC00003" time="171.628" errors="0" timestamp="2022-06-21T15:02:26 IST" skipped="0">
  <testcase classname="testcases.MedianRuleTranslationISOTC00003" name="runMedianRuleTranslation" time="171.628"/>
  <system-out/>
</testsuite> <!-- testcases.MedianRuleTranslationISOTC00003 -->
