<?xml version="1.0" encoding="UTF-8"?>
<!-- Generated by org.testng.reporters.JUnitReportReporter -->
<testsuite hostname="NPR11007" failures="0" tests="1" name="testcases.DepartmentidAuthTestcases" time="45.163" errors="0" timestamp="2022-07-06T12:44:12 IST" skipped="0">
  <testcase classname="testcases.DepartmentidAuthTestcases" name="runDepartmentidAuthTestcases" time="45.163"/>
  <system-out/>
</testsuite> <!-- testcases.DepartmentidAuthTestcases -->
