<?xml version="1.0" encoding="UTF-8"?>
<!-- Generated by org.testng.reporters.JUnitReportReporter -->
<testsuite hostname="NPR11007" failures="0" tests="1" name="testcases.MedianNewExternalSystemTC01" time="76.665" errors="0" timestamp="2022-06-23T16:05:56 IST" skipped="0">
  <testcase classname="testcases.MedianNewExternalSystemTC01" name="runMedianLogin" time="76.665"/>
  <system-out/>
</testsuite> <!-- testcases.MedianNewExternalSystemTC01 -->
