<?xml version="1.0" encoding="UTF-8"?>
<!-- Generated by org.testng.reporters.JUnitReportReporter -->
<testsuite hostname="NPR11007" failures="0" tests="1" name="testcases.MedianExternalSystemAuthTestCase" time="53.537" errors="0" timestamp="2022-07-06T16:05:58 IST" skipped="0">
  <testcase classname="testcases.MedianExternalSystemAuthTestCase" name="runMedianLogin" time="53.537"/>
  <system-out/>
</testsuite> <!-- testcases.MedianExternalSystemAuthTestCase -->
