<?xml version="1.0" encoding="UTF-8"?>
<!-- Generated by org.testng.reporters.JUnitReportReporter -->
<testsuite hostname="NPR11007" failures="0" tests="1" name="testcases.MedianRuleTranslationISOTC00003" time="84.316" errors="0" timestamp="2022-06-20T19:47:59 IST" skipped="0">
  <testcase classname="testcases.MedianRuleTranslationISOTC00003" name="runMedianRuleTranslation" time="84.316"/>
  <system-out/>
</testsuite> <!-- testcases.MedianRuleTranslationISOTC00003 -->
