<?xml version="1.0" encoding="UTF-8"?>
<!-- Generated by org.testng.reporters.JUnitReportReporter -->
<testsuite hostname="NPR11007" failures="0" tests="1" name="testcases.MedianRuleMappingCreateAndAuthTestCase" time="175.765" errors="0" timestamp="2022-07-05T15:21:22 IST" skipped="0">
  <testcase classname="testcases.MedianRuleMappingCreateAndAuthTestCase" name="runMedianRuleTranslation" time="175.765"/>
  <system-out/>
</testsuite> <!-- testcases.MedianRuleMappingCreateAndAuthTestCase -->
