<?xml version="1.0" encoding="UTF-8"?>
<!-- Generated by org.testng.reporters.JUnitReportReporter -->
<testsuite hostname="NPR11007" failures="0" tests="1" name="testcases.UserCreateTestCase" time="143.163" errors="0" timestamp="2022-06-10T15:52:37 IST" skipped="0">
  <testcase classname="testcases.UserCreateTestCase" name="runMedianLogin" time="143.163"/>
  <system-out/>
</testsuite> <!-- testcases.UserCreateTestCase -->
