<?xml version="1.0" encoding="UTF-8"?>
<!-- Generated by org.testng.reporters.JUnitReportReporter -->
<testsuite hostname="NPR11007" failures="0" tests="1" name="testcases.UserCreateTestCase" time="89.866" errors="0" timestamp="2022-06-13T12:23:13 IST" skipped="0">
  <testcase classname="testcases.UserCreateTestCase" name="runMedianLogin" time="89.866"/>
  <system-out/>
</testsuite> <!-- testcases.UserCreateTestCase -->
