<?xml version="1.0" encoding="UTF-8"?>
<!-- Generated by org.testng.reporters.JUnitReportReporter -->
<testsuite hostname="NPR11007" failures="0" tests="1" name="testcases.AuditlogsTestCase" time="58.100" errors="0" timestamp="2022-06-14T11:06:42 IST" skipped="0">
  <testcase classname="testcases.AuditlogsTestCase" name="runMedianLogin" time="58.100"/>
  <system-out/>
</testsuite> <!-- testcases.AuditlogsTestCase -->
