<?xml version="1.0" encoding="UTF-8"?>
<!-- Generated by org.testng.reporters.JUnitReportReporter -->
<testsuite hostname="NPR11007" failures="0" tests="1" name="testcases.MedianRuleTranslationISOCreateAndAuthTestCase" time="153.018" errors="0" timestamp="2022-07-05T13:19:52 IST" skipped="0">
  <testcase classname="testcases.MedianRuleTranslationISOCreateAndAuthTestCase" name="runMedianRuleTranslation" time="153.018"/>
  <system-out/>
</testsuite> <!-- testcases.MedianRuleTranslationISOCreateAndAuthTestCase -->
