<?xml version="1.0" encoding="UTF-8"?>
<!-- Generated by org.testng.reporters.JUnitReportReporter -->
<testsuite hostname="NPR11007" failures="0" tests="1" name="testcases.MedianLoginCheckerTestcase0002" time="36.262" errors="0" timestamp="2022-06-08T11:26:15 IST" skipped="0">
  <testcase classname="testcases.MedianLoginCheckerTestcase0002" name="runMedianLogin" time="36.262"/>
  <system-out/>
</testsuite> <!-- testcases.MedianLoginCheckerTestcase0002 -->
