<?xml version="1.0" encoding="UTF-8"?>
<!-- Generated by org.testng.reporters.JUnitReportReporter -->
<testsuite hostname="NPR11007" failures="0" tests="1" name="testcases.MedianCreateAndAuthChargeMaintenanceTestCase" time="125.656" errors="0" timestamp="2022-07-05T16:42:01 IST" skipped="0">
  <testcase classname="testcases.MedianCreateAndAuthChargeMaintenanceTestCase" name="runMedianLogin" time="125.656"/>
  <system-out/>
</testsuite> <!-- testcases.MedianCreateAndAuthChargeMaintenanceTestCase -->
