<?xml version="1.0" encoding="UTF-8"?>
<!-- Generated by org.testng.reporters.JUnitReportReporter -->
<testsuite hostname="NPR11007" failures="0" tests="1" name="testcases.MedianAddSystemJsonTC0007" time="147.461" errors="0" timestamp="2022-07-04T17:30:15 IST" skipped="0">
  <testcase classname="testcases.MedianAddSystemJsonTC0007" name="runMedianLogin" time="147.461"/>
  <system-out/>
</testsuite> <!-- testcases.MedianAddSystemJsonTC0007 -->
