<?xml version="1.0" encoding="UTF-8"?>
<!-- Generated by org.testng.reporters.JUnitReportReporter -->
<testsuite hostname="NPR11007" failures="0" tests="1" name="testcases.MedianAddSystemIXMLTestCase" time="123.402" errors="0" timestamp="2022-06-16T10:50:39 IST" skipped="0">
  <testcase classname="testcases.MedianAddSystemIXMLTestCase" name="runMedianLogin" time="123.402"/>
  <system-out/>
</testsuite> <!-- testcases.MedianAddSystemIXMLTestCase -->
