<?xml version="1.0" encoding="UTF-8"?>
<!-- Generated by org.testng.reporters.JUnitReportReporter -->
<testsuite hostname="NPR11007" failures="0" tests="1" name="testcases.AuthTransactionCodeMaintenance" time="53.229" errors="0" timestamp="2022-06-15T11:24:56 IST" skipped="0">
  <testcase classname="testcases.AuthTransactionCodeMaintenance" name="runMedianLogin" time="53.229"/>
  <system-out/>
</testsuite> <!-- testcases.AuthTransactionCodeMaintenance -->
