<?xml version="1.0" encoding="UTF-8"?>
<!-- Generated by org.testng.reporters.JUnitReportReporter -->
<testsuite hostname="NPR11007" failures="0" tests="1" name="testcases.ProcessCodemappingEditTestcases" time="77.533" errors="0" timestamp="2022-07-06T16:09:06 IST" skipped="0">
  <testcase classname="testcases.ProcessCodemappingEditTestcases" name="runProcessCodemappingEdit" time="77.533"/>
  <system-out/>
</testsuite> <!-- testcases.ProcessCodemappingEditTestcases -->
