<?xml version="1.0" encoding="UTF-8"?>
<!-- Generated by org.testng.reporters.JUnitReportReporter -->
<testsuite hostname="NPR11007" failures="0" tests="1" name="testcases.ProcessCodemappingEditTestcases" time="78.213" errors="0" timestamp="2022-07-05T16:15:47 IST" skipped="0">
  <testcase classname="testcases.ProcessCodemappingEditTestcases" name="runProcessCodemappingEdit" time="78.213"/>
  <system-out/>
</testsuite> <!-- testcases.ProcessCodemappingEditTestcases -->
