<?xml version="1.0" encoding="UTF-8"?>
<!-- Generated by org.testng.reporters.JUnitReportReporter -->
<testsuite hostname="NPR11007" failures="0" tests="1" name="testcases.EmailManagementCreate" time="60.005" errors="0" timestamp="2022-07-04T16:10:53 IST" skipped="0">
  <testcase classname="testcases.EmailManagementCreate" name="runDepartmentidCreate" time="60.005"/>
  <system-out/>
</testsuite> <!-- testcases.EmailManagementCreate -->
