<?xml version="1.0" encoding="UTF-8"?>
<!-- Generated by org.testng.reporters.JUnitReportReporter -->
<testsuite hostname="NPR11007" failures="0" tests="1" name="testcases.MedianRoleAuthTC01" time="78.633" errors="0" timestamp="2022-07-06T12:30:41 IST" skipped="0">
  <testcase classname="testcases.MedianRoleAuthTC01" name="runMedianLogin" time="78.633"/>
  <system-out/>
</testsuite> <!-- testcases.MedianRoleAuthTC01 -->
