<?xml version="1.0" encoding="UTF-8"?>
<!-- Generated by org.testng.reporters.JUnitReportReporter -->
<testsuite hostname="NPR11007" failures="0" tests="1" name="testcases.MedianRuleTranslationXMLTC0006" time="159.407" errors="0" timestamp="2022-07-06T15:26:25 IST" skipped="0">
  <testcase classname="testcases.MedianRuleTranslationXMLTC0006" name="runMedianLogin" time="159.407"/>
  <system-out/>
</testsuite> <!-- testcases.MedianRuleTranslationXMLTC0006 -->
