<?xml version="1.0" encoding="UTF-8"?>
<!-- Generated by org.testng.reporters.JUnitReportReporter -->
<testsuite hostname="NPR11007" failures="0" tests="1" name="testcases.MedianAddSystemISOTestCase" time="108.334" errors="0" timestamp="2022-06-16T10:55:04 IST" skipped="0">
  <testcase classname="testcases.MedianAddSystemISOTestCase" name="runMedianLogin" time="108.334"/>
  <system-out/>
</testsuite> <!-- testcases.MedianAddSystemISOTestCase -->
