<?xml version="1.0" encoding="UTF-8"?>
<!-- Generated by org.testng.reporters.JUnitReportReporter -->
<testsuite hostname="NPR11007" failures="0" tests="1" name="testcases.MedianEditExternalSystemTC01" time="61.454" errors="0" timestamp="2022-07-05T15:40:19 IST" skipped="0">
  <testcase classname="testcases.MedianEditExternalSystemTC01" name="runMedianLogin" time="61.454"/>
  <system-out/>
</testsuite> <!-- testcases.MedianEditExternalSystemTC01 -->
