<?xml version="1.0" encoding="UTF-8"?>
<!-- Generated by org.testng.reporters.JUnitReportReporter -->
<testsuite hostname="NPR11007" failures="0" tests="1" name="testcases.Securitypolicyedit" time="61.227" errors="0" timestamp="2022-06-14T11:31:49 IST" skipped="0">
  <testcase classname="testcases.Securitypolicyedit" name="runMedianLogin" time="61.227"/>
  <system-out/>
</testsuite> <!-- testcases.Securitypolicyedit -->
