<?xml version="1.0" encoding="UTF-8"?>
<!-- Generated by org.testng.reporters.JUnitReportReporter -->
<testsuite hostname="NPR11007" failures="0" tests="1" name="testcases.MedianNewRoleTC01" time="79.544" errors="0" timestamp="2022-06-13T11:50:06 IST" skipped="0">
  <testcase classname="testcases.MedianNewRoleTC01" name="runMedianLogin" time="79.544"/>
  <system-out/>
</testsuite> <!-- testcases.MedianNewRoleTC01 -->
