<?xml version="1.0" encoding="UTF-8"?>
<!-- Generated by org.testng.reporters.JUnitReportReporter -->
<testsuite hostname="NPR11007" failures="0" tests="1" name="testcases.ProcessCodeMappingCreateTestcases" time="67.820" errors="0" timestamp="2022-07-06T16:07:33 IST" skipped="0">
  <testcase classname="testcases.ProcessCodeMappingCreateTestcases" name="runProcessCodeMappingTestcases" time="67.820"/>
  <system-out/>
</testsuite> <!-- testcases.ProcessCodeMappingCreateTestcases -->
