<?xml version="1.0" encoding="UTF-8"?>
<!-- Generated by org.testng.reporters.JUnitReportReporter -->
<testsuite hostname="NPR11007" failures="0" tests="1" name="testcases.MedianRoleAuthTC01" time="74.991" errors="0" timestamp="2022-06-13T12:18:16 IST" skipped="0">
  <testcase classname="testcases.MedianRoleAuthTC01" name="runMedianLogin" time="74.991"/>
  <system-out/>
</testsuite> <!-- testcases.MedianRoleAuthTC01 -->
