<?xml version="1.0" encoding="UTF-8"?>
<!-- Generated by org.testng.reporters.JUnitReportReporter -->
<testsuite hostname="NPR11007" failures="0" tests="1" name="testcases.UserAuthTestCase" time="55.282" errors="0" timestamp="2022-07-04T15:49:10 IST" skipped="0">
  <testcase classname="testcases.UserAuthTestCase" name="runMedianLogin" time="55.282"/>
  <system-out/>
</testsuite> <!-- testcases.UserAuthTestCase -->
