<?xml version="1.0" encoding="UTF-8"?>
<!-- Generated by org.testng.reporters.JUnitReportReporter -->
<testsuite hostname="NPR11007" failures="0" tests="1" name="testcases.SecurityPolicyAuthTestCase" time="61.099" errors="0" timestamp="2022-06-15T12:02:02 IST" skipped="0">
  <testcase classname="testcases.SecurityPolicyAuthTestCase" name="runMedianLogin" time="61.099"/>
  <system-out/>
</testsuite> <!-- testcases.SecurityPolicyAuthTestCase -->
