<?xml version="1.0" encoding="UTF-8"?>
<!-- Generated by org.testng.reporters.JUnitReportReporter -->
<testsuite hostname="NPR11007" failures="0" tests="1" name="testcases.MedianAddSystemJsonTC0007" time="151.874" errors="0" timestamp="2022-06-16T11:28:20 IST" skipped="0">
  <testcase classname="testcases.MedianAddSystemJsonTC0007" name="runMedianLogin" time="151.874"/>
  <system-out/>
</testsuite> <!-- testcases.MedianAddSystemJsonTC0007 -->
