<?xml version="1.0" encoding="UTF-8"?>
<!-- Generated by org.testng.reporters.JUnitReportReporter -->
<testsuite hostname="NPR11007" failures="0" tests="1" name="testcases.ForgotPasswordTestcases" time="39.763" errors="0" timestamp="2022-07-04T14:48:20 IST" skipped="0">
  <testcase classname="testcases.ForgotPasswordTestcases" name="runMedianLogin" time="39.763"/>
  <system-out/>
</testsuite> <!-- testcases.ForgotPasswordTestcases -->
