<?xml version="1.0" encoding="UTF-8"?>
<!-- Generated by org.testng.reporters.JUnitReportReporter -->
<testsuite hostname="NPR11007" failures="0" tests="1" name="testcases.MedianCreateAndAuthChargeMaintenanceTestCase" time="141.103" errors="0" timestamp="2022-06-30T10:47:29 IST" skipped="0">
  <testcase classname="testcases.MedianCreateAndAuthChargeMaintenanceTestCase" name="runMedianLogin" time="141.103"/>
  <system-out/>
</testsuite> <!-- testcases.MedianCreateAndAuthChargeMaintenanceTestCase -->
