<?xml version="1.0" encoding="UTF-8"?>
<!-- Generated by org.testng.reporters.JUnitReportReporter -->
<testsuite hostname="NPR11007" failures="0" tests="1" name="testcases.MedianCreateAccountClosureMaintenanceTestCase" time="53.433" errors="0" timestamp="2022-06-28T17:05:04 IST" skipped="0">
  <testcase classname="testcases.MedianCreateAccountClosureMaintenanceTestCase" name="runMedianLogin" time="53.433"/>
  <system-out/>
</testsuite> <!-- testcases.MedianCreateAccountClosureMaintenanceTestCase -->
