<?xml version="1.0" encoding="UTF-8"?>
<!-- Generated by org.testng.reporters.JUnitReportReporter -->
<testsuite hostname="NPR11007" failures="0" tests="1" name="testcases.MedianCreateRuleTestCase" time="159.482" errors="0" timestamp="2022-06-21T14:03:10 IST" skipped="0">
  <testcase classname="testcases.MedianCreateRuleTestCase" name="runMedianCreateRule" time="159.482"/>
  <system-out/>
</testsuite> <!-- testcases.MedianCreateRuleTestCase -->
