<?xml version="1.0" encoding="UTF-8"?>
<!-- Generated by org.testng.reporters.JUnitReportReporter -->
<testsuite hostname="NPR11007" failures="0" tests="1" name="testcases.MedianAddSystemDBTC001" time="114.193" errors="0" timestamp="2022-07-05T11:05:03 IST" skipped="0">
  <testcase classname="testcases.MedianAddSystemDBTC001" name="runMedianLogin" time="114.193"/>
  <system-out/>
</testsuite> <!-- testcases.MedianAddSystemDBTC001 -->
