<?xml version="1.0" encoding="UTF-8"?>
<!-- Generated by org.testng.reporters.JUnitReportReporter -->
<testsuite hostname="NPR11007" failures="0" tests="1" name="testcases.MedianCreateAccountClosureMaintenanceTestCase" time="145.700" errors="0" timestamp="2022-06-29T12:58:20 IST" skipped="0">
  <testcase classname="testcases.MedianCreateAccountClosureMaintenanceTestCase" name="runMedianLogin" time="145.700"/>
  <system-out/>
</testsuite> <!-- testcases.MedianCreateAccountClosureMaintenanceTestCase -->
