<?xml version="1.0" encoding="UTF-8"?>
<!-- Generated by org.testng.reporters.JUnitReportReporter -->
<testsuite hostname="NPR11007" failures="0" tests="1" name="testcases.EditTransactionCodeMaintenance" time="69.326" errors="0" timestamp="2022-07-04T16:41:10 IST" skipped="0">
  <testcase classname="testcases.EditTransactionCodeMaintenance" name="runMedianLogin" time="69.326"/>
  <system-out/>
</testsuite> <!-- testcases.EditTransactionCodeMaintenance -->
