<?xml version="1.0" encoding="UTF-8"?>
<!-- Generated by org.testng.reporters.JUnitReportReporter -->
<testsuite hostname="NPR11007" failures="0" tests="1" name="testcases.EmailManagementEdit" time="57.390" errors="0" timestamp="2022-06-15T17:22:50 IST" skipped="0">
  <testcase classname="testcases.EmailManagementEdit" name="runDepartmentidCreate" time="57.390"/>
  <system-out/>
</testsuite> <!-- testcases.EmailManagementEdit -->
