<?xml version="1.0" encoding="UTF-8"?>
<!-- Generated by org.testng.reporters.JUnitReportReporter -->
<testsuite hostname="NPR11007" failures="0" tests="1" name="testcases.MedianLoginMakerTestcase0001" time="36.887" errors="0" timestamp="2022-06-08T11:25:09 IST" skipped="0">
  <testcase classname="testcases.MedianLoginMakerTestcase0001" name="runMedianLogin" time="36.887"/>
  <system-out/>
</testsuite> <!-- testcases.MedianLoginMakerTestcase0001 -->
