<?xml version="1.0" encoding="UTF-8"?>
<!-- Generated by org.testng.reporters.JUnitReportReporter -->
<testsuite hostname="NPR11007" failures="0" tests="1" name="testcases.ProcessCodeMappingAuthTestcases" time="81.612" errors="0" timestamp="2022-06-23T18:32:08 IST" skipped="0">
  <testcase classname="testcases.ProcessCodeMappingAuthTestcases" name="runProcessCodeMappingAuth" time="81.612"/>
  <system-out/>
</testsuite> <!-- testcases.ProcessCodeMappingAuthTestcases -->
