<?xml version="1.0" encoding="UTF-8"?>
<!-- Generated by org.testng.reporters.JUnitReportReporter -->
<testsuite hostname="NPR11007" failures="0" tests="1" name="testcases.SecurityPolicyAuthTestCase" time="117.100" errors="0" timestamp="2022-06-14T11:51:25 IST" skipped="0">
  <testcase classname="testcases.SecurityPolicyAuthTestCase" name="runMedianLogin" time="117.100"/>
  <system-out/>
</testsuite> <!-- testcases.SecurityPolicyAuthTestCase -->
