<?xml version="1.0" encoding="UTF-8"?>
<!-- Generated by org.testng.reporters.JUnitReportReporter -->
<testsuite hostname="NPR11007" failures="0" tests="1" name="testcases.MedinEditRoleTC01" time="86.360" errors="0" timestamp="2022-06-13T12:08:43 IST" skipped="0">
  <testcase classname="testcases.MedinEditRoleTC01" name="runMedianLogin" time="86.360"/>
  <system-out/>
</testsuite> <!-- testcases.MedinEditRoleTC01 -->
