<?xml version="1.0" encoding="UTF-8"?>
<!-- Generated by org.testng.reporters.JUnitReportReporter -->
<testsuite hostname="NPR11007" failures="0" tests="1" name="testcases.ProcessCodemappingEditTestcases" time="72.844" errors="0" timestamp="2022-06-23T17:23:44 IST" skipped="0">
  <testcase classname="testcases.ProcessCodemappingEditTestcases" name="runProcessCodemappingEdit" time="72.844"/>
  <system-out/>
</testsuite> <!-- testcases.ProcessCodemappingEditTestcases -->
