<?xml version="1.0" encoding="UTF-8"?>
<!-- Generated by org.testng.reporters.JUnitReportReporter -->
<testsuite hostname="NPR11007" failures="0" tests="1" name="testcases.MedinEditRoleTC01" time="139.019" errors="0" timestamp="2022-06-10T17:30:59 IST" skipped="0">
  <testcase classname="testcases.MedinEditRoleTC01" name="runMedianLogin" time="139.019"/>
  <system-out/>
</testsuite> <!-- testcases.MedinEditRoleTC01 -->
