<?xml version="1.0" encoding="UTF-8"?>
<!-- Generated by org.testng.reporters.JUnitReportReporter -->
<testsuite hostname="NPR5004" failures="0" tests="1" name="testcases.ChromeConsoleLogging" time="32.919" errors="0" timestamp="2022-05-18T14:28:01 IST" skipped="0">
  <testcase classname="testcases.ChromeConsoleLogging" name="testMethod" time="32.919"/>
  <system-out/>
</testsuite> <!-- testcases.ChromeConsoleLogging -->
