<?xml version="1.0" encoding="UTF-8"?>
<!-- Generated by org.testng.reporters.JUnitReportReporter -->
<testsuite hostname="NPR11007" failures="0" tests="1" name="testcases.MedianExternalSystemCreateTestCase" time="65.667" errors="0" timestamp="2022-07-06T16:03:31 IST" skipped="0">
  <testcase classname="testcases.MedianExternalSystemCreateTestCase" name="runMedianLogin" time="65.667"/>
  <system-out/>
</testsuite> <!-- testcases.MedianExternalSystemCreateTestCase -->
