<?xml version="1.0" encoding="UTF-8"?>
<!-- Generated by org.testng.reporters.JUnitReportReporter -->
<testsuite hostname="NPR11007" failures="0" tests="1" name="testcases.MedianCreateAndAuthRuleTestCase" time="149.444" errors="0" timestamp="2022-07-05T15:06:32 IST" skipped="0">
  <testcase classname="testcases.MedianCreateAndAuthRuleTestCase" name="runMedianCreateRule" time="149.444"/>
  <system-out/>
</testsuite> <!-- testcases.MedianCreateAndAuthRuleTestCase -->
