<?xml version="1.0" encoding="UTF-8"?>
<!-- Generated by org.testng.reporters.JUnitReportReporter -->
<testsuite hostname="NPR11007" failures="0" tests="1" name="testcases.ProcessCodeMappingCreateTestcases" time="62.120" errors="0" timestamp="2022-06-23T16:54:25 IST" skipped="0">
  <testcase classname="testcases.ProcessCodeMappingCreateTestcases" name="runProcessCodeMappingTestcases" time="62.120"/>
  <system-out/>
</testsuite> <!-- testcases.ProcessCodeMappingCreateTestcases -->
