<?xml version="1.0" encoding="UTF-8"?>
<!-- Generated by org.testng.reporters.JUnitReportReporter -->
<testsuite hostname="NPR11007" failures="0" tests="1" name="testcases.DepartmentidAuthTestcases" time="53.600" errors="0" timestamp="2022-07-04T16:08:56 IST" skipped="0">
  <testcase classname="testcases.DepartmentidAuthTestcases" name="runDepartmentidAuthTestcases" time="53.600"/>
  <system-out/>
</testsuite> <!-- testcases.DepartmentidAuthTestcases -->
