<?xml version="1.0" encoding="UTF-8"?>
<!-- Generated by org.testng.reporters.JUnitReportReporter -->
<testsuite hostname="NPR11007" failures="0" tests="1" name="testcases.MedianExternalSystemEditTestCase" time="61.715" errors="0" timestamp="2022-07-06T16:04:50 IST" skipped="0">
  <testcase classname="testcases.MedianExternalSystemEditTestCase" name="runMedianLogin" time="61.715"/>
  <system-out/>
</testsuite> <!-- testcases.MedianExternalSystemEditTestCase -->
