<?xml version="1.0" encoding="UTF-8"?>
<!-- Generated by org.testng.reporters.JUnitReportReporter -->
<testsuite hostname="NPR11007" failures="0" tests="1" name="testcases.AuthTransactionCodeMaintenance" time="39.221" errors="0" timestamp="2022-07-06T12:40:54 IST" skipped="0">
  <testcase classname="testcases.AuthTransactionCodeMaintenance" name="runMedianLogin" time="39.221"/>
  <system-out/>
</testsuite> <!-- testcases.AuthTransactionCodeMaintenance -->
