<?xml version="1.0" encoding="UTF-8"?>
<!-- Generated by org.testng.reporters.JUnitReportReporter -->
<testsuite hostname="NPR11007" failures="0" tests="1" name="testcases.UserCreateTestCase" time="106.565" errors="0" timestamp="2022-07-06T12:33:31 IST" skipped="0">
  <testcase classname="testcases.UserCreateTestCase" name="runMedianLogin" time="106.565"/>
  <system-out/>
</testsuite> <!-- testcases.UserCreateTestCase -->
