<?xml version="1.0" encoding="UTF-8"?>
<!-- Generated by org.testng.reporters.JUnitReportReporter -->
<testsuite hostname="NPR11007" failures="0" tests="1" name="testcases.MedianExternalSystemAuth" time="76.442" errors="0" timestamp="2022-06-23T16:35:11 IST" skipped="0">
  <testcase classname="testcases.MedianExternalSystemAuth" name="runMedianLogin" time="76.442"/>
  <system-out/>
</testsuite> <!-- testcases.MedianExternalSystemAuth -->
