<?xml version="1.0" encoding="UTF-8"?>
<!-- Generated by org.testng.reporters.JUnitReportReporter -->
<testsuite hostname="NPR11007" failures="0" tests="1" name="testcases.DepartmentidAuthTestcases" time="49.110" errors="0" timestamp="2022-06-15T14:04:28 IST" skipped="0">
  <testcase classname="testcases.DepartmentidAuthTestcases" name="runDepartmentidAuthTestcases" time="49.110"/>
  <system-out/>
</testsuite> <!-- testcases.DepartmentidAuthTestcases -->
