<?xml version="1.0" encoding="UTF-8"?>
<!-- Generated by org.testng.reporters.JUnitReportReporter -->
<testsuite hostname="NPR11007" failures="0" tests="1" name="testcases.MedianChangePasswordTestCase" time="37.836" errors="0" timestamp="2022-07-04T14:41:23 IST" skipped="0">
  <testcase classname="testcases.MedianChangePasswordTestCase" name="runMedianLogin" time="37.836"/>
  <system-out/>
</testsuite> <!-- testcases.MedianChangePasswordTestCase -->
