<?xml version="1.0" encoding="UTF-8"?>
<!-- Generated by org.testng.reporters.JUnitReportReporter -->
<testsuite hostname="NPR11007" failures="0" tests="1" name="testcases.UserAuthTestCase" time="51.927" errors="0" timestamp="2022-07-06T12:34:38 IST" skipped="0">
  <testcase classname="testcases.UserAuthTestCase" name="runMedianLogin" time="51.927"/>
  <system-out/>
</testsuite> <!-- testcases.UserAuthTestCase -->
