<?xml version="1.0" encoding="UTF-8"?>
<!-- Generated by org.testng.reporters.JUnitReportReporter -->
<testsuite hostname="NPR11007" failures="0" tests="1" name="testcases.AccountBlockCustomerSearchTestCase" time="68.629" errors="0" timestamp="2022-06-28T16:27:29 IST" skipped="0">
  <testcase classname="testcases.AccountBlockCustomerSearchTestCase" name="runMedianLogin" time="68.629"/>
  <system-out/>
</testsuite> <!-- testcases.AccountBlockCustomerSearchTestCase -->
