<?xml version="1.0" encoding="UTF-8"?>
<!-- Generated by org.testng.reporters.JUnitReportReporter -->
<testsuite hostname="NPR11007" failures="0" tests="1" name="testcases.MedianAddSystemXMLTestCase" time="124.326" errors="0" timestamp="2022-07-04T16:54:49 IST" skipped="0">
  <testcase classname="testcases.MedianAddSystemXMLTestCase" name="runMedianLogin" time="124.326"/>
  <system-out/>
</testsuite> <!-- testcases.MedianAddSystemXMLTestCase -->
