<?xml version="1.0" encoding="UTF-8"?>
<!-- Generated by org.testng.reporters.JUnitReportReporter -->
<testsuite hostname="NPR5004" failures="0" tests="1" name="testcases.MedianNewRoleTC01" time="70.713" errors="0" timestamp="2022-05-26T10:47:00 IST" skipped="0">
  <testcase classname="testcases.MedianNewRoleTC01" name="runMedianLogin" time="70.713"/>
  <system-out/>
</testsuite> <!-- testcases.MedianNewRoleTC01 -->
